<?xml version="1.0" encoding="UTF-8"?>
<testng-results total="1" passed="0" failed="0" skipped="1">
  <reporter-output>
  </reporter-output>
  <suite started-at="2021-04-30T18:58:13Z" name="Default suite" finished-at="2021-04-30T18:58:13Z" duration-ms="32">
    <groups>
    </groups>
    <test started-at="2021-04-30T18:58:13Z" name="Default test" finished-at="2021-04-30T18:58:13Z" duration-ms="32">
      <class name="com.auto.tests.D365LoginTest">
        <test-method is-config="true" signature="setUpEnvironment()[pri:0, instance:com.auto.tests.D365LoginTest@2af004b]" started-at="2021-04-30T14:58:13Z" name="setUpEnvironment" finished-at="2021-04-30T14:58:13Z" duration-ms="0" status="FAIL">
          <exception class="java.io.FileNotFoundException">
            <message>
              <![CDATA[C:\Users\Ankur.KumarBetala\eclipse-workspace\tdd-automation-framework-main\tdd-automation-framework-main\tdd-automation-framework\src\test\resources\configs\null.properties (The system cannot find the file specified)]]>
            </message>
            <full-stacktrace>
              <![CDATA[java.io.FileNotFoundException: C:\Users\Ankur.KumarBetala\eclipse-workspace\tdd-automation-framework-main\tdd-automation-framework-main\tdd-automation-framework\src\test\resources\configs\null.properties (The system cannot find the file specified)
	at java.base/java.io.FileInputStream.open0(Native Method)
	at java.base/java.io.FileInputStream.open(FileInputStream.java:211)
	at java.base/java.io.FileInputStream.<init>(FileInputStream.java:153)
	at com.framework.core.helpers.PropertyLoader.loadPropertyFile(PropertyLoader.java:15)
	at com.framework.core.helpers.PropertyLoader.fetchProperty(PropertyLoader.java:21)
	at com.framework.core.helpers.Configs.initializeEnvironmentProperties(Configs.java:33)
	at com.framework.core.helpers.Hooks.setUpEnvironment(Hooks.java:24)
	at java.base/jdk.internal.reflect.NativeMethodAccessorImpl.invoke0(Native Method)
	at java.base/jdk.internal.reflect.NativeMethodAccessorImpl.invoke(NativeMethodAccessorImpl.java:64)
	at java.base/jdk.internal.reflect.DelegatingMethodAccessorImpl.invoke(DelegatingMethodAccessorImpl.java:43)
	at java.base/java.lang.reflect.Method.invoke(Method.java:564)
	at org.testng.internal.MethodInvocationHelper.invokeMethod(MethodInvocationHelper.java:84)
	at org.testng.internal.Invoker.invokeConfigurationMethod(Invoker.java:564)
	at org.testng.internal.Invoker.invokeConfigurations(Invoker.java:213)
	at org.testng.internal.Invoker.invokeConfigurations(Invoker.java:138)
	at org.testng.SuiteRunner.privateRun(SuiteRunner.java:277)
	at org.testng.SuiteRunner.run(SuiteRunner.java:240)
	at org.testng.SuiteRunnerWorker.runSuite(SuiteRunnerWorker.java:52)
	at org.testng.SuiteRunnerWorker.run(SuiteRunnerWorker.java:86)
	at org.testng.TestNG.runSuitesSequentially(TestNG.java:1224)
	at org.testng.TestNG.runSuitesLocally(TestNG.java:1149)
	at org.testng.TestNG.run(TestNG.java:1057)
	at org.testng.remote.AbstractRemoteTestNG.run(AbstractRemoteTestNG.java:115)
	at org.testng.remote.RemoteTestNG.initAndRun(RemoteTestNG.java:251)
	at org.testng.remote.RemoteTestNG.main(RemoteTestNG.java:77)
]]>
            </full-stacktrace>
          </exception> <!-- java.io.FileNotFoundException -->
          <reporter-output>
          </reporter-output>
        </test-method> <!-- setUpEnvironment -->
        <test-method is-config="true" signature="setUpTestConfigs()[pri:0, instance:com.auto.tests.D365LoginTest@2af004b]" started-at="2021-04-30T14:58:13Z" name="setUpTestConfigs" finished-at="2021-04-30T14:58:13Z" duration-ms="0" status="SKIP">
          <reporter-output>
          </reporter-output>
        </test-method> <!-- setUpTestConfigs -->
        <test-method is-config="true" signature="initBrowser()[pri:0, instance:com.auto.tests.D365LoginTest@2af004b]" started-at="2021-04-30T14:58:13Z" name="initBrowser" finished-at="2021-04-30T14:58:13Z" duration-ms="0" status="SKIP">
          <reporter-output>
          </reporter-output>
        </test-method> <!-- initBrowser -->
        <test-method signature="loggingIntoD365()[pri:0, instance:com.auto.tests.D365LoginTest@2af004b]" started-at="2021-04-30T14:58:13Z" name="loggingIntoD365" finished-at="2021-04-30T14:58:13Z" duration-ms="2" status="SKIP">
          <reporter-output>
          </reporter-output>
        </test-method> <!-- loggingIntoD365 -->
        <test-method is-config="true" signature="TearDownBrowser()[pri:0, instance:com.auto.tests.D365LoginTest@2af004b]" started-at="2021-04-30T14:58:13Z" name="TearDownBrowser" finished-at="2021-04-30T14:58:13Z" duration-ms="0" status="SKIP">
          <reporter-output>
          </reporter-output>
        </test-method> <!-- TearDownBrowser -->
        <test-method is-config="true" signature="tearDownTests()[pri:0, instance:com.auto.tests.D365LoginTest@2af004b]" started-at="2021-04-30T14:58:13Z" name="tearDownTests" finished-at="2021-04-30T14:58:13Z" duration-ms="0" status="SKIP">
          <reporter-output>
          </reporter-output>
        </test-method> <!-- tearDownTests -->
        <test-method is-config="true" signature="tearDownEnvironment()[pri:0, instance:com.auto.tests.D365LoginTest@2af004b]" started-at="2021-04-30T14:58:13Z" name="tearDownEnvironment" finished-at="2021-04-30T14:58:13Z" duration-ms="0" status="SKIP">
          <reporter-output>
          </reporter-output>
        </test-method> <!-- tearDownEnvironment -->
      </class> <!-- com.auto.tests.D365LoginTest -->
    </test> <!-- Default test -->
  </suite> <!-- Default suite -->
</testng-results>
